mode: set
github.com/riyadattani/gilded-rose.go:13.32,15.25 2 1
github.com/riyadattani/gilded-rose.go:19.2,19.10 1 1
github.com/riyadattani/gilded-rose.go:15.25,17.3 1 1
github.com/riyadattani/gilded-rose.go:22.35,23.34 1 1
github.com/riyadattani/gilded-rose.go:23.34,25.99 1 1
github.com/riyadattani/gilded-rose.go:49.3,49.52 1 1
github.com/riyadattani/gilded-rose.go:53.3,53.26 1 1
github.com/riyadattani/gilded-rose.go:25.99,26.28 1 1
github.com/riyadattani/gilded-rose.go:26.28,27.54 1 1
github.com/riyadattani/gilded-rose.go:27.54,29.6 1 0
github.com/riyadattani/gilded-rose.go:31.9,32.29 1 1
github.com/riyadattani/gilded-rose.go:32.29,34.69 2 1
github.com/riyadattani/gilded-rose.go:34.69,35.30 1 1
github.com/riyadattani/gilded-rose.go:40.6,40.29 1 1
github.com/riyadattani/gilded-rose.go:35.30,36.32 1 1
github.com/riyadattani/gilded-rose.go:36.32,38.8 1 1
github.com/riyadattani/gilded-rose.go:40.29,41.32 1 1
github.com/riyadattani/gilded-rose.go:41.32,43.8 1 1
github.com/riyadattani/gilded-rose.go:49.52,51.4 1 1
github.com/riyadattani/gilded-rose.go:53.26,54.36 1 1
github.com/riyadattani/gilded-rose.go:54.36,55.69 1 1
github.com/riyadattani/gilded-rose.go:55.69,56.30 1 1
github.com/riyadattani/gilded-rose.go:56.30,57.56 1 1
github.com/riyadattani/gilded-rose.go:57.56,59.8 1 0
github.com/riyadattani/gilded-rose.go:61.11,63.6 1 1
github.com/riyadattani/gilded-rose.go:64.10,65.30 1 1
github.com/riyadattani/gilded-rose.go:65.30,67.6 1 1
github.com/riyadattani/texttest_fixture.go:9.13,26.22 5 0
github.com/riyadattani/texttest_fixture.go:35.2,35.34 1 0
github.com/riyadattani/texttest_fixture.go:26.22,28.17 2 0
github.com/riyadattani/texttest_fixture.go:32.3,32.9 1 0
github.com/riyadattani/texttest_fixture.go:28.17,31.4 2 0
github.com/riyadattani/texttest_fixture.go:35.34,38.35 3 0
github.com/riyadattani/texttest_fixture.go:41.3,42.23 2 0
github.com/riyadattani/texttest_fixture.go:38.35,40.4 1 0
